2025-08-18 01:44:10,602 - INFO - Starting Browser Session...
2025-08-18 01:44:31,462 - INFO - Browser Launch Successfully.
2025-08-18 01:44:36,026 - INFO - URL Open Successfully.
2025-08-18 01:44:36,031 - INFO - TC_TB_CUST_01 Started..
2025-08-18 01:44:36,167 - INFO - Click on Open Your Account Button successfully.
2025-08-18 01:44:36,291 - INFO - Customer Full Name entered successfully.
2025-08-18 01:44:36,393 - INFO - Customer Email Address entered successfully.
2025-08-18 01:44:36,469 - INFO - Customer Password Enter successfully.
2025-08-18 01:44:36,535 - INFO - Customer Initial Deposit Entered successfully.
2025-08-18 01:44:36,685 - INFO - Click on Register button successfully.
2025-08-18 01:44:36,724 - INFO - Test Passed. Message matched: 'Customer registered! Please login.'
2025-08-18 01:44:36,727 - INFO - Script Complete.
2025-08-18 01:44:39,004 - INFO - End Browser Session...
2025-08-18 01:44:39,004 - INFO - ................
2025-08-18 01:44:39,005 - INFO - ................
2025-08-18 01:44:41,212 - INFO - Starting Browser Session...
2025-08-18 01:44:42,703 - INFO - Browser Launch Successfully.
2025-08-18 01:44:45,106 - INFO - URL Open Successfully.
2025-08-18 01:44:45,108 - INFO - TC_TB_CUST_02 Started..
2025-08-18 01:44:45,248 - INFO - Click on Open Your Account Button successfully.
2025-08-18 01:44:45,385 - INFO - Customer Email Address entered successfully.
2025-08-18 01:44:45,464 - INFO - Customer Password Enter successfully.
2025-08-18 01:44:45,540 - INFO - Customer Initial Deposit Entered successfully.
2025-08-18 01:44:45,654 - INFO - Click on Register button successfully.
2025-08-18 01:44:45,682 - INFO - Test Passed. Customer Full name Validation message matched: 'Please fill out this field.'
2025-08-18 01:44:45,686 - INFO - Script Complete.
2025-08-18 01:44:47,900 - INFO - End Browser Session...
2025-08-18 01:44:47,901 - INFO - ................
2025-08-18 01:44:47,901 - INFO - ................
2025-08-18 01:44:47,906 - INFO - Starting Browser Session...
2025-08-18 01:44:49,604 - INFO - Browser Launch Successfully.
2025-08-18 01:44:50,111 - INFO - URL Open Successfully.
2025-08-18 01:44:50,113 - INFO - TC_TB_CUST_03 Started..
2025-08-18 01:44:50,985 - INFO - Click on Open Your Account Button successfully.
2025-08-18 01:44:51,116 - INFO - Customer Full Name entered successfully.
2025-08-18 01:44:51,236 - INFO - Customer Email Address entered successfully.
2025-08-18 01:44:51,315 - INFO - Customer Password Enter successfully.
2025-08-18 01:44:51,380 - INFO - Customer Initial Deposit Entered successfully.
2025-08-18 01:44:51,517 - INFO - Click on Register button successfully.
2025-08-18 01:44:51,982 - INFO - Input the same values for the second time to check Email Duplicacy
2025-08-18 01:44:52,021 - INFO - Test Passed. Message matched: 'Email already registered.'
2025-08-18 01:44:52,024 - INFO - Script Complete.
2025-08-18 01:44:54,223 - INFO - End Browser Session...
2025-08-18 01:44:54,223 - INFO - ................
2025-08-18 01:44:54,224 - INFO - ................
2025-08-18 01:44:54,228 - INFO - Starting Browser Session...
2025-08-18 01:44:55,736 - INFO - Browser Launch Successfully.
2025-08-18 01:44:57,397 - INFO - URL Open Successfully.
2025-08-18 01:44:57,398 - INFO - TC_TB_CUST_04 Started..
2025-08-18 01:44:57,547 - INFO - Click on Open Your Account Button successfully.
2025-08-18 01:44:57,673 - INFO - Customer Full Name entered successfully.
2025-08-18 01:44:57,786 - INFO - Customer Email Address entered successfully.
2025-08-18 01:44:57,907 - INFO - Customer Password Enter successfully.
2025-08-18 01:44:58,003 - INFO - Customer Initial Deposit Entered successfully.
2025-08-18 01:44:58,150 - INFO - Click on Register button successfully.
2025-08-18 01:44:58,184 - INFO - Test Passed. Email Validation message matched: 'Please include an '@' in the email address. 'rownak123gmail.com' is missing an '@'.'
2025-08-18 01:44:58,187 - INFO - Script Complete.
2025-08-18 01:45:00,609 - INFO - End Browser Session...
2025-08-18 01:45:00,609 - INFO - ................
2025-08-18 01:45:00,609 - INFO - ................
2025-08-18 01:45:00,615 - INFO - Starting Browser Session...
2025-08-18 01:45:02,809 - INFO - Browser Launch Successfully.
2025-08-18 01:45:04,416 - INFO - URL Open Successfully.
2025-08-18 01:45:04,418 - INFO - TC_TB_CUST_05 Started..
2025-08-18 01:45:04,584 - INFO - Click on Open Your Account Button successfully.
2025-08-18 01:45:04,724 - INFO - Customer Full Name entered successfully.
2025-08-18 01:45:04,835 - INFO - Customer Email Address entered successfully.
2025-08-18 01:45:04,928 - INFO - Customer Password Enter successfully.
2025-08-18 01:45:05,013 - INFO - Customer Initial Deposit Entered successfully.
2025-08-18 01:45:05,139 - INFO - Click on Register button successfully.
2025-08-18 01:45:05,168 - INFO - Test Passed. Initial Deposit Validation message matched: 'Value must be greater than or equal to 10.'
2025-08-18 01:45:05,171 - INFO - Script Complete.
2025-08-18 01:45:07,497 - INFO - End Browser Session...
2025-08-18 01:45:07,498 - INFO - ................
2025-08-18 01:45:07,498 - INFO - ................
2025-08-18 01:45:07,520 - INFO - Starting Browser Session...
2025-08-18 01:45:09,005 - INFO - Browser Launch Successfully.
2025-08-18 01:45:10,182 - INFO - URL Open Successfully.
2025-08-18 01:45:10,184 - INFO - TC_TB_MAN_01 Started..
2025-08-18 01:45:10,325 - INFO - Click on Register as Manager successfully.
2025-08-18 01:45:10,447 - INFO - Manager Full Name entered successfully.
2025-08-18 01:45:10,568 - INFO - Manager Email Address entered successfully.
2025-08-18 01:45:10,649 - INFO - Manager Password Enter successfully.
2025-08-18 01:45:10,784 - INFO - Click on Register button successfully.
2025-08-18 01:45:10,826 - INFO - Test Passed. Message matched: 'Manager registered! Please login.'
2025-08-18 01:45:10,828 - INFO - Script Complete.
2025-08-18 01:45:13,019 - INFO - End Browser Session...
2025-08-18 01:45:13,019 - INFO - ................
2025-08-18 01:45:13,019 - INFO - ................
2025-08-18 01:45:13,024 - INFO - Starting Browser Session...
2025-08-18 01:45:14,773 - INFO - Browser Launch Successfully.
2025-08-18 01:45:16,757 - INFO - URL Open Successfully.
2025-08-18 01:45:16,759 - INFO - TC_TB_MAN_02 Started..
2025-08-18 01:45:16,909 - INFO - Click on Register as Manager successfully.
2025-08-18 01:45:17,361 - INFO - Manager Email Address entered successfully.
2025-08-18 01:45:17,475 - INFO - Manager Password Enter successfully.
2025-08-18 01:45:17,605 - INFO - Click on Register button successfully.
2025-08-18 01:45:17,646 - INFO - Test Passed. Manager Full name Validation message matched: 'Please fill out this field.'
2025-08-18 01:45:17,649 - INFO - Script Complete.
2025-08-18 01:45:19,871 - INFO - End Browser Session...
2025-08-18 01:45:19,871 - INFO - ................
2025-08-18 01:45:19,871 - INFO - ................
2025-08-18 01:45:19,876 - INFO - Starting Browser Session...
2025-08-18 01:45:21,351 - INFO - Browser Launch Successfully.
2025-08-18 01:45:22,402 - INFO - URL Open Successfully.
2025-08-18 01:45:22,404 - INFO - TC_TB_MAN_03 Started..
2025-08-18 01:45:22,540 - INFO - Click on Register as Manager successfully.
2025-08-18 01:45:22,674 - INFO - Manager Full Name entered successfully.
2025-08-18 01:45:22,789 - INFO - Manager Email Address entered successfully.
2025-08-18 01:45:22,864 - INFO - Manager Password Enter successfully.
2025-08-18 01:45:23,004 - INFO - Click on Register button successfully.
2025-08-18 01:45:23,374 - INFO - Input the same values for the second time to check Email Duplicacy
2025-08-18 01:45:23,417 - INFO - Test Passed. Message matched: 'Email already registered.'
2025-08-18 01:45:23,419 - INFO - Script Complete.
2025-08-18 01:45:25,622 - INFO - End Browser Session...
2025-08-18 01:45:25,623 - INFO - ................
2025-08-18 01:45:25,623 - INFO - ................
2025-08-18 01:45:25,628 - INFO - Starting Browser Session...
2025-08-18 01:45:27,032 - INFO - Browser Launch Successfully.
2025-08-18 01:45:28,103 - INFO - URL Open Successfully.
2025-08-18 01:45:28,104 - INFO - TC_TB_MAN_04 Started..
2025-08-18 01:45:28,246 - INFO - Click on Register as Manager successfully.
2025-08-18 01:45:28,351 - INFO - Manager Full Name entered successfully.
2025-08-18 01:45:28,453 - INFO - Manager Email Address entered successfully.
2025-08-18 01:45:28,558 - INFO - Manager Password Enter successfully.
2025-08-18 01:45:28,707 - INFO - Click on Register button successfully.
2025-08-18 01:45:28,749 - INFO - Test Passed. Message matched: 'Password must be at least 6 characters long.'
2025-08-18 01:45:28,751 - INFO - Script Complete.
2025-08-18 01:45:30,969 - INFO - End Browser Session...
2025-08-18 01:45:30,970 - INFO - ................
2025-08-18 01:45:30,970 - INFO - ................
2025-08-18 01:45:30,974 - INFO - Starting Browser Session...
2025-08-18 01:45:33,201 - INFO - Browser Launch Successfully.
2025-08-18 01:45:33,728 - INFO - URL Open Successfully.
2025-08-18 01:45:33,730 - INFO - TC_TB_MAN_05 Started..
2025-08-18 01:45:34,781 - INFO - Click on Register as Manager successfully.
2025-08-18 01:45:34,903 - INFO - Manager Full Name entered successfully.
2025-08-18 01:45:35,038 - INFO - Manager Email Address entered successfully.
2025-08-18 01:45:35,150 - INFO - Manager Password Enter successfully.
2025-08-18 01:45:35,304 - INFO - Click on Register button successfully.
2025-08-18 01:45:35,331 - INFO - Test Passed. Manager Email Error Validation message matched for SQL injection: 'Please include an '@' in the email address. '' DROP TABLE users; --' is missing an '@'.'
2025-08-18 01:45:36,726 - INFO - Script Complete.
2025-08-18 01:45:39,509 - INFO - End Browser Session...
2025-08-18 01:45:39,509 - INFO - ................
2025-08-18 01:45:39,509 - INFO - ................
2025-08-18 01:55:58,145 - INFO - Starting Browser Session...
2025-08-18 01:55:59,845 - INFO - Browser Launch Successfully.
2025-08-18 01:56:01,469 - INFO - URL Open Successfully.
2025-08-18 01:56:01,473 - INFO - TC_TB_CUST_01 Started..
2025-08-18 01:56:01,627 - INFO - Click on Open Your Account Button successfully.
2025-08-18 01:56:01,917 - INFO - Customer Full Name entered successfully.
2025-08-18 01:56:02,062 - INFO - Customer Email Address entered successfully.
2025-08-18 01:56:02,186 - INFO - Customer Password Enter successfully.
2025-08-18 01:56:02,264 - INFO - Customer Initial Deposit Entered successfully.
2025-08-18 01:56:02,438 - INFO - Click on Register button successfully.
2025-08-18 01:56:02,496 - INFO - Test Passed. Message matched: 'Customer registered! Please login.'
2025-08-18 01:56:02,499 - INFO - Script Complete.
2025-08-18 01:56:04,845 - INFO - End Browser Session...
2025-08-18 01:56:04,845 - INFO - ................
2025-08-18 01:56:04,846 - INFO - ................
2025-08-18 01:56:04,852 - INFO - Starting Browser Session...
2025-08-18 01:56:07,016 - INFO - Browser Launch Successfully.
2025-08-18 01:56:08,577 - INFO - URL Open Successfully.
2025-08-18 01:56:08,579 - INFO - TC_TB_CUST_02 Started..
2025-08-18 01:56:08,720 - INFO - Click on Open Your Account Button successfully.
2025-08-18 01:56:08,869 - INFO - Customer Email Address entered successfully.
2025-08-18 01:56:08,950 - INFO - Customer Password Enter successfully.
2025-08-18 01:56:09,020 - INFO - Customer Initial Deposit Entered successfully.
2025-08-18 01:56:09,142 - INFO - Click on Register button successfully.
2025-08-18 01:56:09,175 - INFO - Test Passed. Customer Full name Validation message matched: 'Please fill out this field.'
2025-08-18 01:56:09,179 - INFO - Script Complete.
2025-08-18 01:56:11,392 - INFO - End Browser Session...
2025-08-18 01:56:11,392 - INFO - ................
2025-08-18 01:56:11,392 - INFO - ................
2025-08-18 01:56:11,397 - INFO - Starting Browser Session...
2025-08-18 01:56:13,617 - INFO - Browser Launch Successfully.
2025-08-18 01:56:14,989 - INFO - URL Open Successfully.
2025-08-18 01:56:14,991 - INFO - TC_TB_CUST_03 Started..
2025-08-18 01:56:15,129 - INFO - Click on Open Your Account Button successfully.
2025-08-18 01:56:15,264 - INFO - Customer Full Name entered successfully.
2025-08-18 01:56:15,529 - INFO - Customer Email Address entered successfully.
2025-08-18 01:56:15,604 - INFO - Customer Password Enter successfully.
2025-08-18 01:56:15,694 - INFO - Customer Initial Deposit Entered successfully.
2025-08-18 01:56:16,328 - INFO - Click on Register button successfully.
2025-08-18 01:56:17,218 - INFO - Input the same values for the second time to check Email Duplicacy
2025-08-18 01:56:17,264 - INFO - Test Passed. Message matched: 'Email already registered.'
2025-08-18 01:56:17,267 - INFO - Script Complete.
2025-08-18 01:56:19,558 - INFO - End Browser Session...
2025-08-18 01:56:19,558 - INFO - ................
2025-08-18 01:56:19,558 - INFO - ................
2025-08-18 01:56:19,563 - INFO - Starting Browser Session...
2025-08-18 01:56:21,168 - INFO - Browser Launch Successfully.
2025-08-18 01:56:21,504 - INFO - URL Open Successfully.
2025-08-18 01:56:21,508 - INFO - TC_TB_CUST_04 Started..
2025-08-18 01:56:22,668 - INFO - Click on Open Your Account Button successfully.
2025-08-18 01:56:22,782 - INFO - Customer Full Name entered successfully.
2025-08-18 01:56:22,879 - INFO - Customer Email Address entered successfully.
2025-08-18 01:56:22,956 - INFO - Customer Password Enter successfully.
2025-08-18 01:56:23,024 - INFO - Customer Initial Deposit Entered successfully.
2025-08-18 01:56:23,142 - INFO - Click on Register button successfully.
2025-08-18 01:56:23,201 - INFO - Test Passed. Email Validation message matched: 'Please include an '@' in the email address. 'rownak123gmail.com' is missing an '@'.'
2025-08-18 01:56:23,204 - INFO - Script Complete.
2025-08-18 01:56:25,417 - INFO - End Browser Session...
2025-08-18 01:56:25,418 - INFO - ................
2025-08-18 01:56:25,418 - INFO - ................
2025-08-18 01:56:25,424 - INFO - Starting Browser Session...
2025-08-18 01:56:27,033 - INFO - Browser Launch Successfully.
2025-08-18 01:56:28,942 - INFO - URL Open Successfully.
2025-08-18 01:56:28,944 - INFO - TC_TB_CUST_05 Started..
2025-08-18 01:56:29,096 - INFO - Click on Open Your Account Button successfully.
2025-08-18 01:56:29,218 - INFO - Customer Full Name entered successfully.
2025-08-18 01:56:29,316 - INFO - Customer Email Address entered successfully.
2025-08-18 01:56:29,390 - INFO - Customer Password Enter successfully.
2025-08-18 01:56:29,454 - INFO - Customer Initial Deposit Entered successfully.
2025-08-18 01:56:29,567 - INFO - Click on Register button successfully.
2025-08-18 01:56:29,587 - INFO - Test Passed. Initial Deposit Validation message matched: 'Value must be greater than or equal to 10.'
2025-08-18 01:56:29,590 - INFO - Script Complete.
2025-08-18 01:56:31,783 - INFO - End Browser Session...
2025-08-18 01:56:31,783 - INFO - ................
2025-08-18 01:56:31,783 - INFO - ................
2025-08-18 01:56:31,787 - INFO - Starting Browser Session...
2025-08-18 01:56:33,304 - INFO - Browser Launch Successfully.
2025-08-18 01:56:33,775 - INFO - URL Open Successfully.
2025-08-18 01:56:33,777 - INFO - TC_TB_MAN_01 Started..
2025-08-18 01:56:34,751 - INFO - Click on Register as Manager successfully.
2025-08-18 01:56:34,895 - INFO - Manager Full Name entered successfully.
2025-08-18 01:56:35,022 - INFO - Manager Email Address entered successfully.
2025-08-18 01:56:35,116 - INFO - Manager Password Enter successfully.
2025-08-18 01:56:35,276 - INFO - Click on Register button successfully.
2025-08-18 01:56:35,327 - INFO - Test Passed. Message matched: 'Manager registered! Please login.'
2025-08-18 01:56:35,329 - INFO - Script Complete.
2025-08-18 01:56:37,752 - INFO - End Browser Session...
2025-08-18 01:56:37,752 - INFO - ................
2025-08-18 01:56:37,752 - INFO - ................
2025-08-18 01:56:37,757 - INFO - Starting Browser Session...
2025-08-18 01:56:39,240 - INFO - Browser Launch Successfully.
2025-08-18 01:56:39,747 - INFO - URL Open Successfully.
2025-08-18 01:56:39,749 - INFO - TC_TB_MAN_02 Started..
2025-08-18 01:56:40,948 - INFO - Click on Register as Manager successfully.
2025-08-18 01:56:41,101 - INFO - Manager Email Address entered successfully.
2025-08-18 01:56:41,196 - INFO - Manager Password Enter successfully.
2025-08-18 01:56:41,320 - INFO - Click on Register button successfully.
2025-08-18 01:56:41,354 - INFO - Test Passed. Manager Full name Validation message matched: 'Please fill out this field.'
2025-08-18 01:56:41,979 - INFO - Script Complete.
2025-08-18 01:56:44,210 - INFO - End Browser Session...
2025-08-18 01:56:44,210 - INFO - ................
2025-08-18 01:56:44,211 - INFO - ................
2025-08-18 01:56:44,215 - INFO - Starting Browser Session...
2025-08-18 01:56:45,793 - INFO - Browser Launch Successfully.
2025-08-18 01:56:47,075 - INFO - URL Open Successfully.
2025-08-18 01:56:47,076 - INFO - TC_TB_MAN_03 Started..
2025-08-18 01:56:47,214 - INFO - Click on Register as Manager successfully.
2025-08-18 01:56:47,339 - INFO - Manager Full Name entered successfully.
2025-08-18 01:56:47,458 - INFO - Manager Email Address entered successfully.
2025-08-18 01:56:47,533 - INFO - Manager Password Enter successfully.
2025-08-18 01:56:47,670 - INFO - Click on Register button successfully.
2025-08-18 01:56:48,017 - INFO - Input the same values for the second time to check Email Duplicacy
2025-08-18 01:56:48,065 - INFO - Test Passed. Message matched: 'Email already registered.'
2025-08-18 01:56:48,067 - INFO - Script Complete.
2025-08-18 01:56:50,304 - INFO - End Browser Session...
2025-08-18 01:56:50,305 - INFO - ................
2025-08-18 01:56:50,305 - INFO - ................
2025-08-18 01:56:50,309 - INFO - Starting Browser Session...
2025-08-18 01:56:51,775 - INFO - Browser Launch Successfully.
2025-08-18 01:56:52,194 - INFO - URL Open Successfully.
2025-08-18 01:56:52,197 - INFO - TC_TB_MAN_04 Started..
2025-08-18 01:56:53,327 - INFO - Click on Register as Manager successfully.
2025-08-18 01:56:54,819 - INFO - Manager Full Name entered successfully.
2025-08-18 01:56:54,906 - INFO - Manager Email Address entered successfully.
2025-08-18 01:56:55,008 - INFO - Manager Password Enter successfully.
2025-08-18 01:56:55,176 - INFO - Click on Register button successfully.
2025-08-18 01:56:55,225 - INFO - Test Passed. Message matched: 'Password must be at least 6 characters long.'
2025-08-18 01:56:55,227 - INFO - Script Complete.
2025-08-18 01:56:57,479 - INFO - End Browser Session...
2025-08-18 01:56:57,479 - INFO - ................
2025-08-18 01:56:57,479 - INFO - ................
2025-08-18 01:56:57,484 - INFO - Starting Browser Session...
2025-08-18 01:56:59,039 - INFO - Browser Launch Successfully.
2025-08-18 01:57:00,149 - INFO - URL Open Successfully.
2025-08-18 01:57:00,151 - INFO - TC_TB_MAN_05 Started..
2025-08-18 01:57:00,292 - INFO - Click on Register as Manager successfully.
2025-08-18 01:57:00,404 - INFO - Manager Full Name entered successfully.
2025-08-18 01:57:00,522 - INFO - Manager Email Address entered successfully.
2025-08-18 01:57:00,615 - INFO - Manager Password Enter successfully.
2025-08-18 01:57:00,718 - INFO - Click on Register button successfully.
2025-08-18 01:57:00,738 - INFO - Test Passed. Manager Email Error Validation message matched for SQL injection: 'Please include an '@' in the email address. '' DROP TABLE users; --' is missing an '@'.'
2025-08-18 01:57:00,742 - INFO - Script Complete.
2025-08-18 01:57:02,929 - INFO - End Browser Session...
2025-08-18 01:57:02,929 - INFO - ................
2025-08-18 01:57:02,929 - INFO - ................
